SpeechBrain system description
==============================
Python version:
3.8.2 (default, Dec 21 2020, 15:06:04) 
[Clang 12.0.0 (clang-1200.0.32.29)]
==============================
Installed Python packages:
absl-py==1.0.0
audioread==2.1.9
cachetools==4.2.4
certifi==2021.10.8
cffi==1.15.0
charset-normalizer==2.0.12
click==8.0.4
cycler==0.11.0
Cython==0.29.28
dataclasses==0.6
decorator==5.1.1
diffwave==0.1.7
Distance==0.1.3
filelock==3.6.0
future==0.18.2
g2p-en==2.1.0
google-auth==1.35.0
google-auth-oauthlib==0.4.6
grpcio==1.44.0
huggingface-hub==0.4.0
HyperPyYAML==1.0.0
idna==3.3
importlib-metadata==4.11.1
inflect==4.1.0
Jinja2==3.0.3
joblib==1.1.0
kiwisolver==1.3.2
librosa==0.7.2
llvmlite==0.31.0
Markdown==3.3.6
MarkupSafe==2.1.0
matplotlib==3.2.2
nltk==3.7
numba==0.48.0
numpy==1.19.0
oauthlib==3.2.0
packaging==21.3
Pillow==9.0.1
protobuf==3.19.4
pyasn1==0.4.8
pyasn1-modules==0.2.8
pycparser==2.21
pyparsing==3.0.7
pypinyin==0.39.0
pyproject==1.3.1
python-dateutil==2.8.2
pyworld2==1.1
PyYAML==5.4.1
regex==2022.1.18
requests==2.27.1
requests-oauthlib==1.3.1
resampy==0.2.2
rsa==4.8
ruamel.yaml==0.17.21
ruamel.yaml.clib==0.2.6
scikit-learn==0.23.2
scipy==1.5.0
sentencepiece==0.1.96
six==1.16.0
SoundFile==0.10.3.post1
speechbrain==0.5.11
tacotron2-model==0.2.4
tensorboard==2.2.2
tensorboard-plugin-wit==1.8.1
tgt==1.4.4
threadpoolctl==3.1.0
torch==1.10.2
torchaudio==0.10.2
tqdm==4.46.1
typing_extensions==4.1.1
Unidecode==1.1.1
urllib3==1.26.8
Werkzeug==2.0.3
zipp==3.7.0
==============================
Could not get git revision==============================
CUDA not available